2023-07-20T10:16:49+00:00 CRITICAL Uncaught Error: Call to undefined function import_tenders() in C:\xampp\htdocs\htdocs\wordpress\wp-admin\menu.php:36
Stack trace:
#0 C:\xampp\htdocs\htdocs\wordpress\wp-includes\class-wp-hook.php(308): tender_import_page('')
#1 C:\xampp\htdocs\htdocs\wordpress\wp-includes\class-wp-hook.php(332): WP_Hook->apply_filters('', Array)
#2 C:\xampp\htdocs\htdocs\wordpress\wp-includes\plugin.php(517): WP_Hook->do_action(Array)
#3 C:\xampp\htdocs\htdocs\wordpress\wp-admin\admin.php(259): do_action('toplevel_page_t...')
#4 {main}
  thrown in C:\xampp\htdocs\htdocs\wordpress\wp-admin\menu.php on line 36

2023-07-20T11:03:33+00:00 CRITICAL Uncaught Error: Call to undefined function import_tenders() in C:\xampp\htdocs\htdocs\wordpress\wp-admin\menu.php:36
Stack trace:
#0 C:\xampp\htdocs\htdocs\wordpress\wp-includes\class-wp-hook.php(308): tender_import_page('')
#1 C:\xampp\htdocs\htdocs\wordpress\wp-includes\class-wp-hook.php(332): WP_Hook->apply_filters('', Array)
#2 C:\xampp\htdocs\htdocs\wordpress\wp-includes\plugin.php(517): WP_Hook->do_action(Array)
#3 C:\xampp\htdocs\htdocs\wordpress\wp-admin\admin.php(259): do_action('toplevel_page_t...')
#4 {main}
  thrown in C:\xampp\htdocs\htdocs\wordpress\wp-admin\menu.php on line 36

2023-07-20T12:11:03+00:00 CRITICAL Uncaught Error: Call to undefined function dump() in C:\xampp\htdocs\htdocs\wordpress\wp-content\plugins\tenderske\index.php:147
Stack trace:
#0 C:\xampp\htdocs\htdocs\wordpress\wp-admin\menu.php(36): import_tenders()
#1 C:\xampp\htdocs\htdocs\wordpress\wp-includes\class-wp-hook.php(308): tender_import_page('')
#2 C:\xampp\htdocs\htdocs\wordpress\wp-includes\class-wp-hook.php(332): WP_Hook->apply_filters('', Array)
#3 C:\xampp\htdocs\htdocs\wordpress\wp-includes\plugin.php(517): WP_Hook->do_action(Array)
#4 C:\xampp\htdocs\htdocs\wordpress\wp-admin\admin.php(259): do_action('toplevel_page_t...')
#5 {main}
  thrown in C:\xampp\htdocs\htdocs\wordpress\wp-content\plugins\tenderske\index.php on line 147

